<?xml version="1.0" encoding="UTF-8"?>
<robot generator="Robot 3.2.2 (Python 3.9.1 on win32)" generated="20210131 12:35:00.686" rpa="false">
<suite id="s1" name="TC 003 Start Close Browser" source="C:\Users\deniz\PycharmProjects\RobotFramework\TestCases\TC_003_Start_Close_Browser.robot">
<test id="s1-t1" name="Robot First Test Case">
<kw name="Start Browser and Maximize" library="Resources2">
<arguments>
<arg>${URL}</arg>
<arg>${Browser}</arg>
</arguments>
<assign>
<var>${Res}</var>
</assign>
<kw name="Open Browser" library="Selenium2Library">
<doc>Opens a new browser instance to the given ``url``.</doc>
<arguments>
<arg>${url}</arg>
<arg>${browser}</arg>
</arguments>
<msg timestamp="20210131 12:35:00.883" level="INFO">Opening browser 'Chrome' to base url 'http://www.thetestingworld.com/testings'.</msg>
<status status="PASS" starttime="20210131 12:35:00.883" endtime="20210131 12:35:05.971"></status>
</kw>
<kw name="Maximize Browser Window" library="Selenium2Library">
<doc>Maximizes current browser window.</doc>
<status status="PASS" starttime="20210131 12:35:05.972" endtime="20210131 12:35:08.101"></status>
</kw>
<kw name="Get Title" library="Selenium2Library">
<doc>Returns the title of current page.</doc>
<assign>
<var>${Title}</var>
</assign>
<msg timestamp="20210131 12:35:08.104" level="INFO">${Title} = Login &amp; Sign Up Forms</msg>
<status status="PASS" starttime="20210131 12:35:08.101" endtime="20210131 12:35:08.104"></status>
</kw>
<msg timestamp="20210131 12:35:08.105" level="INFO">${Res} = Login &amp; Sign Up Forms</msg>
<status status="PASS" starttime="20210131 12:35:00.882" endtime="20210131 12:35:08.105"></status>
</kw>
<kw name="Log" library="BuiltIn">
<doc>Logs the given message with the given level.</doc>
<arguments>
<arg>${Res}</arg>
</arguments>
<msg timestamp="20210131 12:35:08.105" level="INFO">Login &amp; Sign Up Forms</msg>
<status status="PASS" starttime="20210131 12:35:08.105" endtime="20210131 12:35:08.105"></status>
</kw>
<kw name="Input Text" library="Selenium2Library">
<doc>Types the given ``text`` into text field identified by ``locator``.</doc>
<arguments>
<arg>name:fld_username</arg>
<arg>${Res}</arg>
</arguments>
<msg timestamp="20210131 12:35:08.106" level="INFO">Typing text 'Login &amp; Sign Up Forms' into text field 'name:fld_username'.</msg>
<status status="PASS" starttime="20210131 12:35:08.106" endtime="20210131 12:35:08.213"></status>
</kw>
<status status="PASS" starttime="20210131 12:35:00.882" endtime="20210131 12:35:08.214" critical="yes"></status>
</test>
<status status="PASS" starttime="20210131 12:35:00.699" endtime="20210131 12:35:08.216"></status>
</suite>
<statistics>
<total>
<stat pass="1" fail="0">Critical Tests</stat>
<stat pass="1" fail="0">All Tests</stat>
</total>
<tag>
</tag>
<suite>
<stat pass="1" fail="0" id="s1" name="TC 003 Start Close Browser">TC 003 Start Close Browser</stat>
</suite>
</statistics>
<errors>
</errors>
</robot>
