<?xml version="1.0" encoding="UTF-8"?>
<robot generator="Robot 3.2.2 (Python 3.9.1 on win32)" generated="20210117 12:22:52.417" rpa="false">
<suite id="s1" name="RadioButton" source="C:\Users\deniz\PycharmProjects\RobotFramework\TestCases\RadioButton.robot">
<test id="s1-t1" name="Testing Radio Buttons And Check Boxes">
<kw name="Open Browser" library="Selenium2Library">
<doc>Opens a new browser instance to the given ``url``.</doc>
<arguments>
<arg>${url}</arg>
<arg>${browser}</arg>
</arguments>
<msg timestamp="20210117 12:22:52.595" level="INFO">Opening browser 'chrome' to base url 'http://www.practiceselenium.com/practice-form.html'.</msg>
<status status="PASS" starttime="20210117 12:22:52.595" endtime="20210117 12:23:06.188"></status>
</kw>
<kw name="Maximize Browser Window" library="Selenium2Library">
<doc>Maximizes current browser window.</doc>
<status status="PASS" starttime="20210117 12:23:06.189" endtime="20210117 12:23:08.308"></status>
</kw>
<kw name="Select Radio Button" library="Selenium2Library">
<doc>Sets radio button group ``group_name`` to ``value``.</doc>
<arguments>
<arg>sex</arg>
<arg>Female</arg>
</arguments>
<msg timestamp="20210117 12:23:08.308" level="INFO">Selecting 'Female' from radio button 'sex'.</msg>
<status status="PASS" starttime="20210117 12:23:08.308" endtime="20210117 12:23:08.375"></status>
</kw>
<kw name="Select Radio Button" library="Selenium2Library">
<doc>Sets radio button group ``group_name`` to ``value``.</doc>
<arguments>
<arg>exp</arg>
<arg>5</arg>
</arguments>
<msg timestamp="20210117 12:23:08.376" level="INFO">Selecting '5' from radio button 'exp'.</msg>
<status status="PASS" starttime="20210117 12:23:08.376" endtime="20210117 12:23:08.426"></status>
</kw>
<status status="PASS" starttime="20210117 12:22:52.594" endtime="20210117 12:23:08.426" critical="yes"></status>
</test>
<status status="PASS" starttime="20210117 12:22:52.418" endtime="20210117 12:23:08.427"></status>
</suite>
<statistics>
<total>
<stat pass="1" fail="0">Critical Tests</stat>
<stat pass="1" fail="0">All Tests</stat>
</total>
<tag>
</tag>
<suite>
<stat pass="1" fail="0" id="s1" name="RadioButton">RadioButton</stat>
</suite>
</statistics>
<errors>
</errors>
</robot>
